Build started 3/19/2013 1:01:29 PM.
     1>Project "C:\Users\Adriana\Documents\Visual Studio 2012\Projects\ConsoleApplication1\ConsoleApplication1\ConsoleApplication1.vcxproj" on node 2 (Build target(s)).
     1>ClCompile:
         C:\Program Files (x86)\Microsoft Visual Studio 11.0\VC\bin\CL.exe /c /ZI /nologo /W3 /WX- /Od /Oy- /D WIN32 /D _DEBUG /D _CONSOLE /D _UNICODE /D UNICODE /Gm /EHsc /RTC1 /MDd /GS /fp:precise /Zc:wchar_t /Zc:forScope /Fo"Debug\\" /Fd"Debug\vc110.pdb" /Gd /TP /analyze- /errorReport:prompt main.cpp
         main.cpp
     1>c:\users\adriana\documents\visual studio 2012\projects\consoleapplication1\consoleapplication1\linkedlist.h(35): warning C4552: '-' : operator has no effect; expected operator with side-effect
     1>c:\users\adriana\documents\visual studio 2012\projects\consoleapplication1\consoleapplication1\linkedlist.h(55): error C2065: 'cout' : undeclared identifier
     1>c:\users\adriana\documents\visual studio 2012\projects\consoleapplication1\consoleapplication1\linkedlist.h(55): error C2065: 'endl' : undeclared identifier
     1>c:\users\adriana\documents\visual studio 2012\projects\consoleapplication1\consoleapplication1\linkedlist.h(81): warning C4552: '>>' : operator has no effect; expected operator with side-effect
     1>c:\users\adriana\documents\visual studio 2012\projects\consoleapplication1\consoleapplication1\linkedlist.h(90): warning C4552: '>>' : operator has no effect; expected operator with side-effect
     1>c:\users\adriana\documents\visual studio 2012\projects\consoleapplication1\consoleapplication1\linkedlist.h(103): error C2039: 'num' : is not a member of 'List<T>::numList'
                 with
                 [
                     T=int
                 ]
                 c:\users\adriana\documents\visual studio 2012\projects\consoleapplication1\consoleapplication1\linkedlist.h(9) : see declaration of 'List<T>::numList'
                 with
                 [
                     T=int
                 ]
     1>c:\users\adriana\documents\visual studio 2012\projects\consoleapplication1\consoleapplication1\linkedlist.h(105): warning C4552: '>>' : operator has no effect; expected operator with side-effect
     1>c:\users\adriana\documents\visual studio 2012\projects\consoleapplication1\consoleapplication1\linkedlist.h(111): warning C4552: '>>' : operator has no effect; expected operator with side-effect
     1>c:\users\adriana\documents\visual studio 2012\projects\consoleapplication1\consoleapplication1\linkedlist.h(113): error C2039: 'num' : is not a member of 'List<T>::numList'
                 with
                 [
                     T=int
                 ]
                 c:\users\adriana\documents\visual studio 2012\projects\consoleapplication1\consoleapplication1\linkedlist.h(9) : see declaration of 'List<T>::numList'
                 with
                 [
                     T=int
                 ]
     1>c:\users\adriana\documents\visual studio 2012\projects\consoleapplication1\consoleapplication1\linkedlist.h(113): fatal error C1903: unable to recover from previous error(s); stopping compilation
     1>Done Building Project "C:\Users\Adriana\Documents\Visual Studio 2012\Projects\ConsoleApplication1\ConsoleApplication1\ConsoleApplication1.vcxproj" (Build target(s)) -- FAILED.

Build FAILED.

Time Elapsed 00:00:00.98
